<?xml version="1.0" encoding="UTF-8"?>
<!-- Generated by org.testng.reporters.JUnitReportReporter -->
<testsuite skipped="0" hostname="subha-pc" name="com.brainyquote.qa.Testcases.AuthorsTest" tests="1" failures="0" timestamp="31 Aug 2020 20:43:13 GMT" time="13.314" errors="0">
  <testcase name="fetch_All_AuthorsName" time="13.314" classname="com.brainyquote.qa.Testcases.AuthorsTest"/>
</testsuite> <!-- com.brainyquote.qa.Testcases.AuthorsTest -->
