<?xml version="1.0" encoding="UTF-8"?>
<!-- Generated by org.testng.reporters.JUnitReportReporter -->
<testsuite skipped="3" hostname="subha-pc" name="com.muvi.qa.TestCases.LoginpageTest" tests="4" failures="0" timestamp="20 Aug 2020 20:48:41 GMT" time="19.311" errors="0">
  <testcase name="loginTest" time="19.311" classname="com.muvi.qa.TestCases.LoginpageTest"/>
  <testcase name="freeTrialTest" time="0.000" classname="com.muvi.qa.TestCases.LoginpageTest">
    <skipped/>
  </testcase> <!-- freeTrialTest -->
  <testcase name="loginpagetitel_validation" classname="com.muvi.qa.TestCases.LoginpageTest">
    <skipped/>
  </testcase> <!-- loginpagetitel_validation -->
  <testcase name="loginpagevalidation" classname="com.muvi.qa.TestCases.LoginpageTest">
    <skipped/>
  </testcase> <!-- loginpagevalidation -->
</testsuite> <!-- com.muvi.qa.TestCases.LoginpageTest -->
